<?xml version="1.0" encoding="UTF-8"?>
<testsuite xmlns:xsi="http://www.w3.org/2001/XMLSchema-instance" xsi:noNamespaceSchemaLocation="https://maven.apache.org/surefire/maven-surefire-plugin/xsd/surefire-test-report.xsd" name="com.jpmc.theater.service.TheaterManagementServiceTest" time="0.021" tests="18" errors="0" skipped="0" failures="0">
  <properties>
    <property name="java.specification.version" value="19"/>
    <property name="sun.jnu.encoding" value="UTF-8"/>
    <property name="java.class.path" value="/Users/purvilpatel/Downloads/movie-theater-src/target/test-classes:/Users/purvilpatel/Downloads/movie-theater-src/target/classes:/Users/purvilpatel/.m2/repository/org/junit/jupiter/junit-jupiter-engine/5.3.2/junit-jupiter-engine-5.3.2.jar:/Users/purvilpatel/.m2/repository/org/apiguardian/apiguardian-api/1.0.0/apiguardian-api-1.0.0.jar:/Users/purvilpatel/.m2/repository/org/junit/platform/junit-platform-engine/1.3.2/junit-platform-engine-1.3.2.jar:/Users/purvilpatel/.m2/repository/org/junit/platform/junit-platform-commons/1.3.2/junit-platform-commons-1.3.2.jar:/Users/purvilpatel/.m2/repository/org/opentest4j/opentest4j/1.1.1/opentest4j-1.1.1.jar:/Users/purvilpatel/.m2/repository/org/junit/jupiter/junit-jupiter-api/5.3.2/junit-jupiter-api-5.3.2.jar:/Users/purvilpatel/.m2/repository/org/junit/jupiter/junit-jupiter-params/5.3.2/junit-jupiter-params-5.3.2.jar:/Users/purvilpatel/.m2/repository/org/junit/platform/junit-platform-launcher/1.3.2/junit-platform-launcher-1.3.2.jar:/Users/purvilpatel/.m2/repository/com/fasterxml/jackson/core/jackson-databind/2.13.3/jackson-databind-2.13.3.jar:/Users/purvilpatel/.m2/repository/com/fasterxml/jackson/core/jackson-annotations/2.13.3/jackson-annotations-2.13.3.jar:/Users/purvilpatel/.m2/repository/com/fasterxml/jackson/core/jackson-core/2.13.3/jackson-core-2.13.3.jar:/Users/purvilpatel/.m2/repository/com/fasterxml/jackson/datatype/jackson-datatype-jsr310/2.7.3/jackson-datatype-jsr310-2.7.3.jar:"/>
    <property name="java.vm.vendor" value="Oracle Corporation"/>
    <property name="sun.arch.data.model" value="64"/>
    <property name="java.vendor.url" value="https://java.oracle.com/"/>
    <property name="os.name" value="Mac OS X"/>
    <property name="java.vm.specification.version" value="19"/>
    <property name="sun.java.launcher" value="SUN_STANDARD"/>
    <property name="user.country" value="US"/>
    <property name="sun.boot.library.path" value="/Library/Java/JavaVirtualMachines/jdk-19.jdk/Contents/Home/lib"/>
    <property name="sun.java.command" value="/Users/purvilpatel/Downloads/movie-theater-src/target/surefire/surefirebooter4246101107991237222.jar /Users/purvilpatel/Downloads/movie-theater-src/target/surefire 2022-11-06T15-23-23_058-jvmRun1 surefire7092040249381801631tmp surefire_03625146575037617158tmp"/>
    <property name="http.nonProxyHosts" value="local|*.local|169.254/16|*.169.254/16"/>
    <property name="jdk.debug" value="release"/>
    <property name="surefire.test.class.path" value="/Users/purvilpatel/Downloads/movie-theater-src/target/test-classes:/Users/purvilpatel/Downloads/movie-theater-src/target/classes:/Users/purvilpatel/.m2/repository/org/junit/jupiter/junit-jupiter-engine/5.3.2/junit-jupiter-engine-5.3.2.jar:/Users/purvilpatel/.m2/repository/org/apiguardian/apiguardian-api/1.0.0/apiguardian-api-1.0.0.jar:/Users/purvilpatel/.m2/repository/org/junit/platform/junit-platform-engine/1.3.2/junit-platform-engine-1.3.2.jar:/Users/purvilpatel/.m2/repository/org/junit/platform/junit-platform-commons/1.3.2/junit-platform-commons-1.3.2.jar:/Users/purvilpatel/.m2/repository/org/opentest4j/opentest4j/1.1.1/opentest4j-1.1.1.jar:/Users/purvilpatel/.m2/repository/org/junit/jupiter/junit-jupiter-api/5.3.2/junit-jupiter-api-5.3.2.jar:/Users/purvilpatel/.m2/repository/org/junit/jupiter/junit-jupiter-params/5.3.2/junit-jupiter-params-5.3.2.jar:/Users/purvilpatel/.m2/repository/org/junit/platform/junit-platform-launcher/1.3.2/junit-platform-launcher-1.3.2.jar:/Users/purvilpatel/.m2/repository/com/fasterxml/jackson/core/jackson-databind/2.13.3/jackson-databind-2.13.3.jar:/Users/purvilpatel/.m2/repository/com/fasterxml/jackson/core/jackson-annotations/2.13.3/jackson-annotations-2.13.3.jar:/Users/purvilpatel/.m2/repository/com/fasterxml/jackson/core/jackson-core/2.13.3/jackson-core-2.13.3.jar:/Users/purvilpatel/.m2/repository/com/fasterxml/jackson/datatype/jackson-datatype-jsr310/2.7.3/jackson-datatype-jsr310-2.7.3.jar:"/>
    <property name="sun.cpu.endian" value="little"/>
    <property name="user.home" value="/Users/purvilpatel"/>
    <property name="user.language" value="en"/>
    <property name="java.specification.vendor" value="Oracle Corporation"/>
    <property name="java.version.date" value="2022-10-18"/>
    <property name="java.home" value="/Library/Java/JavaVirtualMachines/jdk-19.jdk/Contents/Home"/>
    <property name="file.separator" value="/"/>
    <property name="basedir" value="/Users/purvilpatel/Downloads/movie-theater-src"/>
    <property name="java.vm.compressedOopsMode" value="Zero based"/>
    <property name="line.separator" value="&#10;"/>
    <property name="java.vm.specification.vendor" value="Oracle Corporation"/>
    <property name="java.specification.name" value="Java Platform API Specification"/>
    <property name="apple.awt.application.name" value="ForkedBooter"/>
    <property name="surefire.real.class.path" value="/Users/purvilpatel/Downloads/movie-theater-src/target/surefire/surefirebooter4246101107991237222.jar"/>
    <property name="sun.management.compiler" value="HotSpot 64-Bit Tiered Compilers"/>
    <property name="ftp.nonProxyHosts" value="local|*.local|169.254/16|*.169.254/16"/>
    <property name="java.runtime.version" value="19.0.1+10-21"/>
    <property name="user.name" value="purvilpatel"/>
    <property name="stdout.encoding" value="UTF-8"/>
    <property name="path.separator" value=":"/>
    <property name="os.version" value="11.4"/>
    <property name="java.runtime.name" value="Java(TM) SE Runtime Environment"/>
    <property name="file.encoding" value="UTF-8"/>
    <property name="java.vm.name" value="Java HotSpot(TM) 64-Bit Server VM"/>
    <property name="localRepository" value="/Users/purvilpatel/.m2/repository"/>
    <property name="java.vendor.url.bug" value="https://bugreport.java.com/bugreport/"/>
    <property name="java.io.tmpdir" value="/var/folders/m4/yqtkvdd17v12zd29dnljzhkc0000gn/T/"/>
    <property name="idea.version" value="2022.2.3"/>
    <property name="java.version" value="19.0.1"/>
    <property name="user.dir" value="/Users/purvilpatel/Downloads/movie-theater-src"/>
    <property name="os.arch" value="x86_64"/>
    <property name="java.vm.specification.name" value="Java Virtual Machine Specification"/>
    <property name="native.encoding" value="UTF-8"/>
    <property name="java.library.path" value="/Users/purvilpatel/Library/Java/Extensions:/Library/Java/Extensions:/Network/Library/Java/Extensions:/System/Library/Java/Extensions:/usr/lib/java:."/>
    <property name="java.vm.info" value="mixed mode, sharing"/>
    <property name="stderr.encoding" value="UTF-8"/>
    <property name="java.vendor" value="Oracle Corporation"/>
    <property name="java.vm.version" value="19.0.1+10-21"/>
    <property name="sun.io.unicode.encoding" value="UnicodeBig"/>
    <property name="socksNonProxyHosts" value="local|*.local|169.254/16|*.169.254/16"/>
    <property name="java.class.version" value="63.0"/>
  </properties>
  <testcase name="removeAllShowsForGivenMovie_happyPath" classname="com.jpmc.theater.service.TheaterManagementServiceTest" time="0.004"/>
  <testcase name="addNewShow_ConflictWithExistingShow_EndTimeConflict" classname="com.jpmc.theater.service.TheaterManagementServiceTest" time="0.001"/>
  <testcase name="addNewMovie_MovieAlreadyPresent" classname="com.jpmc.theater.service.TheaterManagementServiceTest" time="0.001"/>
  <testcase name="addNewScreen_happyPath" classname="com.jpmc.theater.service.TheaterManagementServiceTest" time="0"/>
  <testcase name="removeScreen_happyPath" classname="com.jpmc.theater.service.TheaterManagementServiceTest" time="0.001"/>
  <testcase name="addNewShow_UpdateSequenceAfterAdding" classname="com.jpmc.theater.service.TheaterManagementServiceTest" time="0.001"/>
  <testcase name="addNewShow_InvalidScreen_ThrowsException" classname="com.jpmc.theater.service.TheaterManagementServiceTest" time="0"/>
  <testcase name="removeMovie_happyPath" classname="com.jpmc.theater.service.TheaterManagementServiceTest" time="0"/>
  <testcase name="addNewShow_ConflictWithExistingShow_StartTimeConflict" classname="com.jpmc.theater.service.TheaterManagementServiceTest" time="0"/>
  <testcase name="addNewShow_happyPath" classname="com.jpmc.theater.service.TheaterManagementServiceTest" time="0"/>
  <testcase name="addNewMovie_happyPath" classname="com.jpmc.theater.service.TheaterManagementServiceTest" time="0"/>
  <testcase name="removeMovie_MovieNotPresent" classname="com.jpmc.theater.service.TheaterManagementServiceTest" time="0"/>
  <testcase name="getAllShowsForGivenScreen_SuccessfulRetrieval" classname="com.jpmc.theater.service.TheaterManagementServiceTest" time="0.001"/>
  <testcase name="getAllMovies_SuccessfulRetrieval" classname="com.jpmc.theater.service.TheaterManagementServiceTest" time="0.001"/>
  <testcase name="removeAllShowsForGivenMovieAndScreen_happyPath" classname="com.jpmc.theater.service.TheaterManagementServiceTest" time="0.001"/>
  <testcase name="removeScreen_ScreenNotPresent" classname="com.jpmc.theater.service.TheaterManagementServiceTest" time="0.001"/>
  <testcase name="addNewShow_InvalidMovie_ThrowsException" classname="com.jpmc.theater.service.TheaterManagementServiceTest" time="0.001"/>
  <testcase name="getAllShows_SuccessfulRetrieval" classname="com.jpmc.theater.service.TheaterManagementServiceTest" time="0"/>
</testsuite>